Determining if the function crc32c_value exists in the crc32c failed with the following output:
Change Dir: /home/honwee/CLionProjects/courseForLeveldb/cmake-build-debug/CMakeFiles/CMakeTmp

Run Build Command:"/usr/bin/make" "cmTC_c7a13/fast"
/usr/bin/make -f CMakeFiles/cmTC_c7a13.dir/build.make CMakeFiles/cmTC_c7a13.dir/build
make[1]: 进入目录“/home/honwee/CLionProjects/courseForLeveldb/cmake-build-debug/CMakeFiles/CMakeTmp”
Building C object CMakeFiles/cmTC_c7a13.dir/CheckFunctionExists.c.o
/usr/bin/cc   -DCHECK_FUNCTION_EXISTS=crc32c_value   -std=c11 -o CMakeFiles/cmTC_c7a13.dir/CheckFunctionExists.c.o   -c /home/honwee/Downloads/clion-2018.3.4/bin/cmake/linux/share/cmake-3.13/Modules/CheckFunctionExists.c
Linking C executable cmTC_c7a13
/home/honwee/Downloads/clion-2018.3.4/bin/cmake/linux/bin/cmake -E cmake_link_script CMakeFiles/cmTC_c7a13.dir/link.txt --verbose=1
/usr/bin/cc  -DCHECK_FUNCTION_EXISTS=crc32c_value    CMakeFiles/cmTC_c7a13.dir/CheckFunctionExists.c.o  -o cmTC_c7a13 -lcrc32c 
/usr/bin/ld: 找不到 -lcrc32c
collect2: error: ld returned 1 exit status
CMakeFiles/cmTC_c7a13.dir/build.make:86: recipe for target 'cmTC_c7a13' failed
make[1]: *** [cmTC_c7a13] Error 1
make[1]: 离开目录“/home/honwee/CLionProjects/courseForLeveldb/cmake-build-debug/CMakeFiles/CMakeTmp”
Makefile:121: recipe for target 'cmTC_c7a13/fast' failed
make: *** [cmTC_c7a13/fast] Error 2


Determining if the function snappy_compress exists in the snappy failed with the following output:
Change Dir: /home/honwee/CLionProjects/courseForLeveldb/cmake-build-debug/CMakeFiles/CMakeTmp

Run Build Command:"/usr/bin/make" "cmTC_3339e/fast"
/usr/bin/make -f CMakeFiles/cmTC_3339e.dir/build.make CMakeFiles/cmTC_3339e.dir/build
make[1]: 进入目录“/home/honwee/CLionProjects/courseForLeveldb/cmake-build-debug/CMakeFiles/CMakeTmp”
Building C object CMakeFiles/cmTC_3339e.dir/CheckFunctionExists.c.o
/usr/bin/cc   -DCHECK_FUNCTION_EXISTS=snappy_compress   -std=c11 -o CMakeFiles/cmTC_3339e.dir/CheckFunctionExists.c.o   -c /home/honwee/Downloads/clion-2018.3.4/bin/cmake/linux/share/cmake-3.13/Modules/CheckFunctionExists.c
Linking C executable cmTC_3339e
/home/honwee/Downloads/clion-2018.3.4/bin/cmake/linux/bin/cmake -E cmake_link_script CMakeFiles/cmTC_3339e.dir/link.txt --verbose=1
/usr/bin/cc  -DCHECK_FUNCTION_EXISTS=snappy_compress    CMakeFiles/cmTC_3339e.dir/CheckFunctionExists.c.o  -o cmTC_3339e -lsnappy 
/usr/bin/ld: 找不到 -lsnappy
collect2: error: ld returned 1 exit status
CMakeFiles/cmTC_3339e.dir/build.make:86: recipe for target 'cmTC_3339e' failed
make[1]: *** [cmTC_3339e] Error 1
make[1]: 离开目录“/home/honwee/CLionProjects/courseForLeveldb/cmake-build-debug/CMakeFiles/CMakeTmp”
Makefile:121: recipe for target 'cmTC_3339e/fast' failed
make: *** [cmTC_3339e/fast] Error 2


Determining if the function malloc exists in the tcmalloc failed with the following output:
Change Dir: /home/honwee/CLionProjects/courseForLeveldb/cmake-build-debug/CMakeFiles/CMakeTmp

Run Build Command:"/usr/bin/make" "cmTC_c74f3/fast"
/usr/bin/make -f CMakeFiles/cmTC_c74f3.dir/build.make CMakeFiles/cmTC_c74f3.dir/build
make[1]: 进入目录“/home/honwee/CLionProjects/courseForLeveldb/cmake-build-debug/CMakeFiles/CMakeTmp”
Building C object CMakeFiles/cmTC_c74f3.dir/CheckFunctionExists.c.o
/usr/bin/cc   -DCHECK_FUNCTION_EXISTS=malloc   -std=c11 -o CMakeFiles/cmTC_c74f3.dir/CheckFunctionExists.c.o   -c /home/honwee/Downloads/clion-2018.3.4/bin/cmake/linux/share/cmake-3.13/Modules/CheckFunctionExists.c
<command-line>:0:23: warning: conflicting types for built-in function ‘malloc’ [-Wbuiltin-declaration-mismatch]
/home/honwee/Downloads/clion-2018.3.4/bin/cmake/linux/share/cmake-3.13/Modules/CheckFunctionExists.c:7:3: note: in expansion of macro ‘CHECK_FUNCTION_EXISTS’
   CHECK_FUNCTION_EXISTS(void);
   ^~~~~~~~~~~~~~~~~~~~~
Linking C executable cmTC_c74f3
/home/honwee/Downloads/clion-2018.3.4/bin/cmake/linux/bin/cmake -E cmake_link_script CMakeFiles/cmTC_c74f3.dir/link.txt --verbose=1
/usr/bin/cc  -DCHECK_FUNCTION_EXISTS=malloc    CMakeFiles/cmTC_c74f3.dir/CheckFunctionExists.c.o  -o cmTC_c74f3 -ltcmalloc 
/usr/bin/ld: 找不到 -ltcmalloc
collect2: error: ld returned 1 exit status
CMakeFiles/cmTC_c74f3.dir/build.make:86: recipe for target 'cmTC_c74f3' failed
make[1]: *** [cmTC_c74f3] Error 1
make[1]: 离开目录“/home/honwee/CLionProjects/courseForLeveldb/cmake-build-debug/CMakeFiles/CMakeTmp”
Makefile:121: recipe for target 'cmTC_c74f3/fast' failed
make: *** [cmTC_c74f3/fast] Error 2


Determining if the fdatasync exist failed with the following output:
Change Dir: /home/honwee/CLionProjects/courseForLeveldb/cmake-build-debug/CMakeFiles/CMakeTmp

Run Build Command:"/usr/bin/make" "cmTC_e5adb/fast"
/usr/bin/make -f CMakeFiles/cmTC_e5adb.dir/build.make CMakeFiles/cmTC_e5adb.dir/build
make[1]: 进入目录“/home/honwee/CLionProjects/courseForLeveldb/cmake-build-debug/CMakeFiles/CMakeTmp”
Building C object CMakeFiles/cmTC_e5adb.dir/CheckSymbolExists.c.o
/usr/bin/cc   -std=c11 -o CMakeFiles/cmTC_e5adb.dir/CheckSymbolExists.c.o   -c /home/honwee/CLionProjects/courseForLeveldb/cmake-build-debug/CMakeFiles/CMakeTmp/CheckSymbolExists.c
/home/honwee/CLionProjects/courseForLeveldb/cmake-build-debug/CMakeFiles/CMakeTmp/CheckSymbolExists.c: In function ‘main’:
/home/honwee/CLionProjects/courseForLeveldb/cmake-build-debug/CMakeFiles/CMakeTmp/CheckSymbolExists.c:8:19: error: ‘fdatasync’ undeclared (first use in this function); did you mean ‘fsync’?
   return ((int*)(&fdatasync))[argc];
                   ^~~~~~~~~
                   fsync
/home/honwee/CLionProjects/courseForLeveldb/cmake-build-debug/CMakeFiles/CMakeTmp/CheckSymbolExists.c:8:19: note: each undeclared identifier is reported only once for each function it appears in
CMakeFiles/cmTC_e5adb.dir/build.make:65: recipe for target 'CMakeFiles/cmTC_e5adb.dir/CheckSymbolExists.c.o' failed
make[1]: *** [CMakeFiles/cmTC_e5adb.dir/CheckSymbolExists.c.o] Error 1
make[1]: 离开目录“/home/honwee/CLionProjects/courseForLeveldb/cmake-build-debug/CMakeFiles/CMakeTmp”
Makefile:121: recipe for target 'cmTC_e5adb/fast' failed
make: *** [cmTC_e5adb/fast] Error 2

File /home/honwee/CLionProjects/courseForLeveldb/cmake-build-debug/CMakeFiles/CMakeTmp/CheckSymbolExists.c:
/* */
#include <unistd.h>

int main(int argc, char** argv)
{
  (void)argv;
#ifndef fdatasync
  return ((int*)(&fdatasync))[argc];
#else
  (void)argc;
  return 0;
#endif
}

Performing C++ SOURCE FILE Test HAVE_CLANG_THREAD_SAFETY failed with the following output:
Change Dir: /home/honwee/CLionProjects/courseForLeveldb/cmake-build-debug/CMakeFiles/CMakeTmp

Run Build Command:"/usr/bin/make" "cmTC_1ca77/fast"
/usr/bin/make -f CMakeFiles/cmTC_1ca77.dir/build.make CMakeFiles/cmTC_1ca77.dir/build
make[1]: 进入目录“/home/honwee/CLionProjects/courseForLeveldb/cmake-build-debug/CMakeFiles/CMakeTmp”
Building CXX object CMakeFiles/cmTC_1ca77.dir/src.cxx.o
/usr/bin/c++    -DHAVE_CLANG_THREAD_SAFETY -Werror   -std=c++11 -o CMakeFiles/cmTC_1ca77.dir/src.cxx.o -c /home/honwee/CLionProjects/courseForLeveldb/cmake-build-debug/CMakeFiles/CMakeTmp/src.cxx
/home/honwee/CLionProjects/courseForLeveldb/cmake-build-debug/CMakeFiles/CMakeTmp/src.cxx:2:34: error: ‘lockable’ attribute directive ignored [-Werror=attributes]
 struct __attribute__((lockable)) Lock {
                                  ^~~~
/home/honwee/CLionProjects/courseForLeveldb/cmake-build-debug/CMakeFiles/CMakeTmp/src.cxx:3:59: error: ‘exclusive_lock_function’ attribute directive ignored [-Werror=attributes]
   void Acquire() __attribute__((exclusive_lock_function()));
                                                           ^
/home/honwee/CLionProjects/courseForLeveldb/cmake-build-debug/CMakeFiles/CMakeTmp/src.cxx:4:51: error: ‘unlock_function’ attribute directive ignored [-Werror=attributes]
   void Release() __attribute__((unlock_function()));
                                                   ^
/home/honwee/CLionProjects/courseForLeveldb/cmake-build-debug/CMakeFiles/CMakeTmp/src.cxx:8:46: error: ‘guarded_by’ attribute directive ignored [-Werror=attributes]
   int data_ __attribute__((guarded_by(lock_)));
                                              ^
cc1plus: all warnings being treated as errors
CMakeFiles/cmTC_1ca77.dir/build.make:65: recipe for target 'CMakeFiles/cmTC_1ca77.dir/src.cxx.o' failed
make[1]: *** [CMakeFiles/cmTC_1ca77.dir/src.cxx.o] Error 1
make[1]: 离开目录“/home/honwee/CLionProjects/courseForLeveldb/cmake-build-debug/CMakeFiles/CMakeTmp”
Makefile:121: recipe for target 'cmTC_1ca77/fast' failed
make: *** [cmTC_1ca77/fast] Error 2

Source file was:

struct __attribute__((lockable)) Lock {
  void Acquire() __attribute__((exclusive_lock_function()));
  void Release() __attribute__((unlock_function()));
};
struct ThreadSafeType {
  Lock lock_;
  int data_ __attribute__((guarded_by(lock_)));
};
int main() { return 0; }

Determining if the pthread_create exist failed with the following output:
Change Dir: /home/honwee/CLionProjects/courseForLeveldb/cmake-build-debug/CMakeFiles/CMakeTmp

Run Build Command:"/usr/bin/make" "cmTC_6aafe/fast"
/usr/bin/make -f CMakeFiles/cmTC_6aafe.dir/build.make CMakeFiles/cmTC_6aafe.dir/build
make[1]: 进入目录“/home/honwee/CLionProjects/courseForLeveldb/cmake-build-debug/CMakeFiles/CMakeTmp”
Building C object CMakeFiles/cmTC_6aafe.dir/CheckSymbolExists.c.o
/usr/bin/cc   -std=c11 -o CMakeFiles/cmTC_6aafe.dir/CheckSymbolExists.c.o   -c /home/honwee/CLionProjects/courseForLeveldb/cmake-build-debug/CMakeFiles/CMakeTmp/CheckSymbolExists.c
Linking C executable cmTC_6aafe
/home/honwee/Downloads/clion-2018.3.4/bin/cmake/linux/bin/cmake -E cmake_link_script CMakeFiles/cmTC_6aafe.dir/link.txt --verbose=1
/usr/bin/cc      CMakeFiles/cmTC_6aafe.dir/CheckSymbolExists.c.o  -o cmTC_6aafe 
CMakeFiles/cmTC_6aafe.dir/CheckSymbolExists.c.o：在函数‘main’中：
CheckSymbolExists.c:(.text+0x1b)：对‘pthread_create’未定义的引用
collect2: error: ld returned 1 exit status
CMakeFiles/cmTC_6aafe.dir/build.make:86: recipe for target 'cmTC_6aafe' failed
make[1]: *** [cmTC_6aafe] Error 1
make[1]: 离开目录“/home/honwee/CLionProjects/courseForLeveldb/cmake-build-debug/CMakeFiles/CMakeTmp”
Makefile:121: recipe for target 'cmTC_6aafe/fast' failed
make: *** [cmTC_6aafe/fast] Error 2

File /home/honwee/CLionProjects/courseForLeveldb/cmake-build-debug/CMakeFiles/CMakeTmp/CheckSymbolExists.c:
/* */
#include <pthread.h>

int main(int argc, char** argv)
{
  (void)argv;
#ifndef pthread_create
  return ((int*)(&pthread_create))[argc];
#else
  (void)argc;
  return 0;
#endif
}

Determining if the function pthread_create exists in the pthreads failed with the following output:
Change Dir: /home/honwee/CLionProjects/courseForLeveldb/cmake-build-debug/CMakeFiles/CMakeTmp

Run Build Command:"/usr/bin/make" "cmTC_3ff95/fast"
/usr/bin/make -f CMakeFiles/cmTC_3ff95.dir/build.make CMakeFiles/cmTC_3ff95.dir/build
make[1]: 进入目录“/home/honwee/CLionProjects/courseForLeveldb/cmake-build-debug/CMakeFiles/CMakeTmp”
Building C object CMakeFiles/cmTC_3ff95.dir/CheckFunctionExists.c.o
/usr/bin/cc   -DCHECK_FUNCTION_EXISTS=pthread_create   -std=c11 -o CMakeFiles/cmTC_3ff95.dir/CheckFunctionExists.c.o   -c /home/honwee/Downloads/clion-2018.3.4/bin/cmake/linux/share/cmake-3.13/Modules/CheckFunctionExists.c
Linking C executable cmTC_3ff95
/home/honwee/Downloads/clion-2018.3.4/bin/cmake/linux/bin/cmake -E cmake_link_script CMakeFiles/cmTC_3ff95.dir/link.txt --verbose=1
/usr/bin/cc  -DCHECK_FUNCTION_EXISTS=pthread_create    CMakeFiles/cmTC_3ff95.dir/CheckFunctionExists.c.o  -o cmTC_3ff95 -lpthreads 
/usr/bin/ld: 找不到 -lpthreads
collect2: error: ld returned 1 exit status
CMakeFiles/cmTC_3ff95.dir/build.make:86: recipe for target 'cmTC_3ff95' failed
make[1]: *** [cmTC_3ff95] Error 1
make[1]: 离开目录“/home/honwee/CLionProjects/courseForLeveldb/cmake-build-debug/CMakeFiles/CMakeTmp”
Makefile:121: recipe for target 'cmTC_3ff95/fast' failed
make: *** [cmTC_3ff95/fast] Error 2


